2018-05-05 20:41:50,754 [INFO] [main] com.cuiyun.kfcoding.KfcodingApplication [StartupInfoLogger.java : 48] Starting KfcodingApplication on MapledeMacBook-Pro.local with PID 25747 (/Users/maple/Documents/kfcoding/kfcoding/kfcoding-core/target/classes started by maple in /Users/maple/Documents/kfcoding/kfcoding)
2018-05-05 20:41:50,757 [INFO] [main] com.cuiyun.kfcoding.KfcodingApplication [SpringApplication.java : 597] The following profiles are active: dev
2018-05-05 20:41:50,787 [INFO] [main] o.s.context.annotation.AnnotationConfigApplicationContext [AbstractApplicationContext.java : 583] Refreshing org.springframework.context.annotation.AnnotationConfigApplicationContext@1fa121e2: startup date [Sat May 05 20:41:50 CST 2018]; root of context hierarchy
2018-05-05 20:41:51,052 [WARN] [main] org.mybatis.spring.mapper.ClassPathMapperScanner [ClassPathMapperScanner.java : 166] No MyBatis mapper was found in '[com.cuiyun.kfcoding]' package. Please check your configuration.
2018-05-05 20:41:51,450 [WARN] [main] o.s.context.annotation.AnnotationConfigApplicationContext [AbstractApplicationContext.java : 551] Exception encountered during context initialization - cancelling refresh attempt: org.springframework.beans.factory.UnsatisfiedDependencyException: Error creating bean with name 'com.baomidou.mybatisplus.spring.boot.starter.MybatisPlusAutoConfiguration': Unsatisfied dependency expressed through constructor parameter 0; nested exception is org.springframework.beans.factory.BeanCreationException: Error creating bean with name 'mybatis-plus-com.baomidou.mybatisplus.spring.boot.starter.MybatisPlusProperties': Initialization of bean failed; nested exception is java.lang.NoClassDefFoundError: com/baomidou/mybatisplus/entity/GlobalConfiguration
2018-05-05 20:41:51,457 [INFO] [main] o.s.b.a.logging.AutoConfigurationReportLoggingInitializer [AutoConfigurationReportLoggingInitializer.java : 101] 

Error starting ApplicationContext. To display the auto-configuration report re-run your application with 'debug' enabled.
2018-05-05 20:41:51,463 [ERROR] [main] org.springframework.boot.SpringApplication [SpringApplication.java : 771] Application startup failed
org.springframework.beans.factory.UnsatisfiedDependencyException: Error creating bean with name 'com.baomidou.mybatisplus.spring.boot.starter.MybatisPlusAutoConfiguration': Unsatisfied dependency expressed through constructor parameter 0; nested exception is org.springframework.beans.factory.BeanCreationException: Error creating bean with name 'mybatis-plus-com.baomidou.mybatisplus.spring.boot.starter.MybatisPlusProperties': Initialization of bean failed; nested exception is java.lang.NoClassDefFoundError: com/baomidou/mybatisplus/entity/GlobalConfiguration
	at org.springframework.beans.factory.support.ConstructorResolver.createArgumentArray(ConstructorResolver.java:749)
	at org.springframework.beans.factory.support.ConstructorResolver.autowireConstructor(ConstructorResolver.java:189)
	at org.springframework.beans.factory.support.AbstractAutowireCapableBeanFactory.autowireConstructor(AbstractAutowireCapableBeanFactory.java:1193)
	at org.springframework.beans.factory.support.AbstractAutowireCapableBeanFactory.createBeanInstance(AbstractAutowireCapableBeanFactory.java:1095)
	at org.springframework.beans.factory.support.AbstractAutowireCapableBeanFactory.doCreateBean(AbstractAutowireCapableBeanFactory.java:513)
	at org.springframework.beans.factory.support.AbstractAutowireCapableBeanFactory.createBean(AbstractAutowireCapableBeanFactory.java:483)
	at org.springframework.beans.factory.support.AbstractBeanFactory$1.getObject(AbstractBeanFactory.java:306)
	at org.springframework.beans.factory.support.DefaultSingletonBeanRegistry.getSingleton(DefaultSingletonBeanRegistry.java:230)
	at org.springframework.beans.factory.support.AbstractBeanFactory.doGetBean(AbstractBeanFactory.java:302)
	at org.springframework.beans.factory.support.AbstractBeanFactory.getBean(AbstractBeanFactory.java:197)
	at org.springframework.beans.factory.support.DefaultListableBeanFactory.preInstantiateSingletons(DefaultListableBeanFactory.java:761)
	at org.springframework.context.support.AbstractApplicationContext.finishBeanFactoryInitialization(AbstractApplicationContext.java:867)
	at org.springframework.context.support.AbstractApplicationContext.refresh(AbstractApplicationContext.java:543)
	at org.springframework.boot.SpringApplication.refresh(SpringApplication.java:693)
	at org.springframework.boot.SpringApplication.refreshContext(SpringApplication.java:360)
	at org.springframework.boot.SpringApplication.run(SpringApplication.java:303)
	at org.springframework.boot.SpringApplication.run(SpringApplication.java:1118)
	at org.springframework.boot.SpringApplication.run(SpringApplication.java:1107)
	at com.cuiyun.kfcoding.KfcodingApplication.main(KfcodingApplication.java:18)
Caused by: org.springframework.beans.factory.BeanCreationException: Error creating bean with name 'mybatis-plus-com.baomidou.mybatisplus.spring.boot.starter.MybatisPlusProperties': Initialization of bean failed; nested exception is java.lang.NoClassDefFoundError: com/baomidou/mybatisplus/entity/GlobalConfiguration
	at org.springframework.beans.factory.support.AbstractAutowireCapableBeanFactory.doCreateBean(AbstractAutowireCapableBeanFactory.java:564)
	at org.springframework.beans.factory.support.AbstractAutowireCapableBeanFactory.createBean(AbstractAutowireCapableBeanFactory.java:483)
	at org.springframework.beans.factory.support.AbstractBeanFactory$1.getObject(AbstractBeanFactory.java:306)
	at org.springframework.beans.factory.support.DefaultSingletonBeanRegistry.getSingleton(DefaultSingletonBeanRegistry.java:230)
	at org.springframework.beans.factory.support.AbstractBeanFactory.doGetBean(AbstractBeanFactory.java:302)
	at org.springframework.beans.factory.support.AbstractBeanFactory.getBean(AbstractBeanFactory.java:202)
	at org.springframework.beans.factory.config.DependencyDescriptor.resolveCandidate(DependencyDescriptor.java:208)
	at org.springframework.beans.factory.support.DefaultListableBeanFactory.doResolveDependency(DefaultListableBeanFactory.java:1138)
	at org.springframework.beans.factory.support.DefaultListableBeanFactory.resolveDependency(DefaultListableBeanFactory.java:1066)
	at org.springframework.beans.factory.support.ConstructorResolver.resolveAutowiredArgument(ConstructorResolver.java:835)
	at org.springframework.beans.factory.support.ConstructorResolver.createArgumentArray(ConstructorResolver.java:741)
	... 18 common frames omitted
Caused by: java.lang.NoClassDefFoundError: com/baomidou/mybatisplus/entity/GlobalConfiguration
	at java.lang.Class.getDeclaredMethods0(Native Method)
	at java.lang.Class.privateGetDeclaredMethods(Class.java:2701)
	at java.lang.Class.getDeclaredMethods(Class.java:1975)
	at org.springframework.core.convert.support.IdToEntityConverter.getFinder(IdToEntityConverter.java:80)
	at org.springframework.core.convert.support.IdToEntityConverter.matches(IdToEntityConverter.java:58)
	at org.springframework.core.convert.support.GenericConversionService$ConvertersForPair.getConverter(GenericConversionService.java:668)
	at org.springframework.core.convert.support.GenericConversionService$Converters.getRegisteredConverter(GenericConversionService.java:566)
	at org.springframework.core.convert.support.GenericConversionService$Converters.find(GenericConversionService.java:551)
	at org.springframework.core.convert.support.GenericConversionService.getConverter(GenericConversionService.java:269)
	at org.springframework.core.convert.support.GenericConversionService.canConvert(GenericConversionService.java:159)
	at org.springframework.boot.bind.RelaxedConversionService.canConvert(RelaxedConversionService.java:68)
	at org.springframework.beans.TypeConverterDelegate.convertIfNecessary(TypeConverterDelegate.java:171)
	at org.springframework.beans.AbstractNestablePropertyAccessor.convertIfNecessary(AbstractNestablePropertyAccessor.java:588)
	at org.springframework.beans.AbstractNestablePropertyAccessor.convertForProperty(AbstractNestablePropertyAccessor.java:615)
	at org.springframework.beans.AbstractNestablePropertyAccessor.processLocalProperty(AbstractNestablePropertyAccessor.java:462)
	at org.springframework.beans.AbstractNestablePropertyAccessor.setPropertyValue(AbstractNestablePropertyAccessor.java:290)
	at org.springframework.beans.AbstractNestablePropertyAccessor.setDefaultValue(AbstractNestablePropertyAccessor.java:888)
	at org.springframework.beans.AbstractNestablePropertyAccessor.getNestedPropertyAccessor(AbstractNestablePropertyAccessor.java:851)
	at org.springframework.beans.AbstractNestablePropertyAccessor.getPropertyAccessorForPropertyPath(AbstractNestablePropertyAccessor.java:825)
	at org.springframework.beans.AbstractNestablePropertyAccessor.getPropertyHandler(AbstractNestablePropertyAccessor.java:736)
	at org.springframework.beans.AbstractNestablePropertyAccessor.getPropertyType(AbstractNestablePropertyAccessor.java:497)
	at org.springframework.boot.bind.RelaxedDataBinder.resolvePropertyName(RelaxedDataBinder.java:420)
	at org.springframework.boot.bind.RelaxedDataBinder.getActualPropertyName(RelaxedDataBinder.java:384)
	at org.springframework.boot.bind.RelaxedDataBinder.initializePath(RelaxedDataBinder.java:273)
	at org.springframework.boot.bind.RelaxedDataBinder.initializePath(RelaxedDataBinder.java:307)
	at org.springframework.boot.bind.RelaxedDataBinder.normalizePath(RelaxedDataBinder.java:259)
	at org.springframework.boot.bind.RelaxedDataBinder.modifyProperty(RelaxedDataBinder.java:240)
	at org.springframework.boot.bind.RelaxedDataBinder.modifyProperties(RelaxedDataBinder.java:155)
	at org.springframework.boot.bind.RelaxedDataBinder.doBind(RelaxedDataBinder.java:128)
	at org.springframework.validation.DataBinder.bind(DataBinder.java:740)
	at org.springframework.boot.bind.PropertiesConfigurationFactory.doBindPropertiesToTarget(PropertiesConfigurationFactory.java:272)
	at org.springframework.boot.bind.PropertiesConfigurationFactory.bindPropertiesToTarget(PropertiesConfigurationFactory.java:240)
	at org.springframework.boot.context.properties.ConfigurationPropertiesBindingPostProcessor.postProcessBeforeInitialization(ConfigurationPropertiesBindingPostProcessor.java:330)
	at org.springframework.boot.context.properties.ConfigurationPropertiesBindingPostProcessor.postProcessBeforeInitialization(ConfigurationPropertiesBindingPostProcessor.java:292)
	at org.springframework.beans.factory.support.AbstractAutowireCapableBeanFactory.applyBeanPostProcessorsBeforeInitialization(AbstractAutowireCapableBeanFactory.java:409)
	at org.springframework.beans.factory.support.AbstractAutowireCapableBeanFactory.initializeBean(AbstractAutowireCapableBeanFactory.java:1620)
	at org.springframework.beans.factory.support.AbstractAutowireCapableBeanFactory.doCreateBean(AbstractAutowireCapableBeanFactory.java:555)
	... 28 common frames omitted
Caused by: java.lang.ClassNotFoundException: com.baomidou.mybatisplus.entity.GlobalConfiguration
	at java.net.URLClassLoader.findClass(URLClassLoader.java:381)
	at java.lang.ClassLoader.loadClass(ClassLoader.java:424)
	at sun.misc.Launcher$AppClassLoader.loadClass(Launcher.java:331)
	at java.lang.ClassLoader.loadClass(ClassLoader.java:357)
	... 65 common frames omitted
2018-05-05 20:43:41,657 [INFO] [main] com.cuiyun.kfcoding.KfcodingApplication [StartupInfoLogger.java : 48] Starting KfcodingApplication on MapledeMacBook-Pro.local with PID 25779 (/Users/maple/Documents/kfcoding/kfcoding/kfcoding-core/target/classes started by maple in /Users/maple/Documents/kfcoding/kfcoding)
2018-05-05 20:43:41,659 [INFO] [main] com.cuiyun.kfcoding.KfcodingApplication [SpringApplication.java : 597] The following profiles are active: dev
2018-05-05 20:43:41,697 [INFO] [main] o.s.context.annotation.AnnotationConfigApplicationContext [AbstractApplicationContext.java : 583] Refreshing org.springframework.context.annotation.AnnotationConfigApplicationContext@74e52ef6: startup date [Sat May 05 20:43:41 CST 2018]; root of context hierarchy
2018-05-05 20:43:41,961 [WARN] [main] org.mybatis.spring.mapper.ClassPathMapperScanner [ClassPathMapperScanner.java : 166] No MyBatis mapper was found in '[com.cuiyun.kfcoding]' package. Please check your configuration.
2018-05-05 20:43:42,279 [WARN] [main] o.s.context.annotation.AnnotationConfigApplicationContext [AbstractApplicationContext.java : 551] Exception encountered during context initialization - cancelling refresh attempt: org.springframework.beans.factory.UnsatisfiedDependencyException: Error creating bean with name 'com.baomidou.mybatisplus.spring.boot.starter.MybatisPlusAutoConfiguration': Unsatisfied dependency expressed through constructor parameter 0; nested exception is org.springframework.beans.factory.BeanCreationException: Error creating bean with name 'mybatis-plus-com.baomidou.mybatisplus.spring.boot.starter.MybatisPlusProperties': Initialization of bean failed; nested exception is java.lang.NoClassDefFoundError: com/baomidou/mybatisplus/entity/GlobalConfiguration
2018-05-05 20:43:42,285 [INFO] [main] o.s.b.a.logging.AutoConfigurationReportLoggingInitializer [AutoConfigurationReportLoggingInitializer.java : 101] 

Error starting ApplicationContext. To display the auto-configuration report re-run your application with 'debug' enabled.
2018-05-05 20:43:42,290 [ERROR] [main] org.springframework.boot.SpringApplication [SpringApplication.java : 771] Application startup failed
org.springframework.beans.factory.UnsatisfiedDependencyException: Error creating bean with name 'com.baomidou.mybatisplus.spring.boot.starter.MybatisPlusAutoConfiguration': Unsatisfied dependency expressed through constructor parameter 0; nested exception is org.springframework.beans.factory.BeanCreationException: Error creating bean with name 'mybatis-plus-com.baomidou.mybatisplus.spring.boot.starter.MybatisPlusProperties': Initialization of bean failed; nested exception is java.lang.NoClassDefFoundError: com/baomidou/mybatisplus/entity/GlobalConfiguration
	at org.springframework.beans.factory.support.ConstructorResolver.createArgumentArray(ConstructorResolver.java:749)
	at org.springframework.beans.factory.support.ConstructorResolver.autowireConstructor(ConstructorResolver.java:189)
	at org.springframework.beans.factory.support.AbstractAutowireCapableBeanFactory.autowireConstructor(AbstractAutowireCapableBeanFactory.java:1193)
	at org.springframework.beans.factory.support.AbstractAutowireCapableBeanFactory.createBeanInstance(AbstractAutowireCapableBeanFactory.java:1095)
	at org.springframework.beans.factory.support.AbstractAutowireCapableBeanFactory.doCreateBean(AbstractAutowireCapableBeanFactory.java:513)
	at org.springframework.beans.factory.support.AbstractAutowireCapableBeanFactory.createBean(AbstractAutowireCapableBeanFactory.java:483)
	at org.springframework.beans.factory.support.AbstractBeanFactory$1.getObject(AbstractBeanFactory.java:306)
	at org.springframework.beans.factory.support.DefaultSingletonBeanRegistry.getSingleton(DefaultSingletonBeanRegistry.java:230)
	at org.springframework.beans.factory.support.AbstractBeanFactory.doGetBean(AbstractBeanFactory.java:302)
	at org.springframework.beans.factory.support.AbstractBeanFactory.getBean(AbstractBeanFactory.java:197)
	at org.springframework.beans.factory.support.DefaultListableBeanFactory.preInstantiateSingletons(DefaultListableBeanFactory.java:761)
	at org.springframework.context.support.AbstractApplicationContext.finishBeanFactoryInitialization(AbstractApplicationContext.java:867)
	at org.springframework.context.support.AbstractApplicationContext.refresh(AbstractApplicationContext.java:543)
	at org.springframework.boot.SpringApplication.refresh(SpringApplication.java:693)
	at org.springframework.boot.SpringApplication.refreshContext(SpringApplication.java:360)
	at org.springframework.boot.SpringApplication.run(SpringApplication.java:303)
	at org.springframework.boot.SpringApplication.run(SpringApplication.java:1118)
	at org.springframework.boot.SpringApplication.run(SpringApplication.java:1107)
	at com.cuiyun.kfcoding.KfcodingApplication.main(KfcodingApplication.java:18)
Caused by: org.springframework.beans.factory.BeanCreationException: Error creating bean with name 'mybatis-plus-com.baomidou.mybatisplus.spring.boot.starter.MybatisPlusProperties': Initialization of bean failed; nested exception is java.lang.NoClassDefFoundError: com/baomidou/mybatisplus/entity/GlobalConfiguration
	at org.springframework.beans.factory.support.AbstractAutowireCapableBeanFactory.doCreateBean(AbstractAutowireCapableBeanFactory.java:564)
	at org.springframework.beans.factory.support.AbstractAutowireCapableBeanFactory.createBean(AbstractAutowireCapableBeanFactory.java:483)
	at org.springframework.beans.factory.support.AbstractBeanFactory$1.getObject(AbstractBeanFactory.java:306)
	at org.springframework.beans.factory.support.DefaultSingletonBeanRegistry.getSingleton(DefaultSingletonBeanRegistry.java:230)
	at org.springframework.beans.factory.support.AbstractBeanFactory.doGetBean(AbstractBeanFactory.java:302)
	at org.springframework.beans.factory.support.AbstractBeanFactory.getBean(AbstractBeanFactory.java:202)
	at org.springframework.beans.factory.config.DependencyDescriptor.resolveCandidate(DependencyDescriptor.java:208)
	at org.springframework.beans.factory.support.DefaultListableBeanFactory.doResolveDependency(DefaultListableBeanFactory.java:1138)
	at org.springframework.beans.factory.support.DefaultListableBeanFactory.resolveDependency(DefaultListableBeanFactory.java:1066)
	at org.springframework.beans.factory.support.ConstructorResolver.resolveAutowiredArgument(ConstructorResolver.java:835)
	at org.springframework.beans.factory.support.ConstructorResolver.createArgumentArray(ConstructorResolver.java:741)
	... 18 common frames omitted
Caused by: java.lang.NoClassDefFoundError: com/baomidou/mybatisplus/entity/GlobalConfiguration
	at java.lang.Class.getDeclaredMethods0(Native Method)
	at java.lang.Class.privateGetDeclaredMethods(Class.java:2701)
	at java.lang.Class.getDeclaredMethods(Class.java:1975)
	at org.springframework.core.convert.support.IdToEntityConverter.getFinder(IdToEntityConverter.java:80)
	at org.springframework.core.convert.support.IdToEntityConverter.matches(IdToEntityConverter.java:58)
	at org.springframework.core.convert.support.GenericConversionService$ConvertersForPair.getConverter(GenericConversionService.java:668)
	at org.springframework.core.convert.support.GenericConversionService$Converters.getRegisteredConverter(GenericConversionService.java:566)
	at org.springframework.core.convert.support.GenericConversionService$Converters.find(GenericConversionService.java:551)
	at org.springframework.core.convert.support.GenericConversionService.getConverter(GenericConversionService.java:269)
	at org.springframework.core.convert.support.GenericConversionService.canConvert(GenericConversionService.java:159)
	at org.springframework.boot.bind.RelaxedConversionService.canConvert(RelaxedConversionService.java:68)
	at org.springframework.beans.TypeConverterDelegate.convertIfNecessary(TypeConverterDelegate.java:171)
	at org.springframework.beans.AbstractNestablePropertyAccessor.convertIfNecessary(AbstractNestablePropertyAccessor.java:588)
	at org.springframework.beans.AbstractNestablePropertyAccessor.convertForProperty(AbstractNestablePropertyAccessor.java:615)
	at org.springframework.beans.AbstractNestablePropertyAccessor.processLocalProperty(AbstractNestablePropertyAccessor.java:462)
	at org.springframework.beans.AbstractNestablePropertyAccessor.setPropertyValue(AbstractNestablePropertyAccessor.java:290)
	at org.springframework.beans.AbstractNestablePropertyAccessor.setDefaultValue(AbstractNestablePropertyAccessor.java:888)
	at org.springframework.beans.AbstractNestablePropertyAccessor.getNestedPropertyAccessor(AbstractNestablePropertyAccessor.java:851)
	at org.springframework.beans.AbstractNestablePropertyAccessor.getPropertyAccessorForPropertyPath(AbstractNestablePropertyAccessor.java:825)
	at org.springframework.beans.AbstractNestablePropertyAccessor.getPropertyHandler(AbstractNestablePropertyAccessor.java:736)
	at org.springframework.beans.AbstractNestablePropertyAccessor.getPropertyType(AbstractNestablePropertyAccessor.java:497)
	at org.springframework.boot.bind.RelaxedDataBinder.resolvePropertyName(RelaxedDataBinder.java:420)
	at org.springframework.boot.bind.RelaxedDataBinder.getActualPropertyName(RelaxedDataBinder.java:384)
	at org.springframework.boot.bind.RelaxedDataBinder.initializePath(RelaxedDataBinder.java:273)
	at org.springframework.boot.bind.RelaxedDataBinder.initializePath(RelaxedDataBinder.java:307)
	at org.springframework.boot.bind.RelaxedDataBinder.normalizePath(RelaxedDataBinder.java:259)
	at org.springframework.boot.bind.RelaxedDataBinder.modifyProperty(RelaxedDataBinder.java:240)
	at org.springframework.boot.bind.RelaxedDataBinder.modifyProperties(RelaxedDataBinder.java:155)
	at org.springframework.boot.bind.RelaxedDataBinder.doBind(RelaxedDataBinder.java:128)
	at org.springframework.validation.DataBinder.bind(DataBinder.java:740)
	at org.springframework.boot.bind.PropertiesConfigurationFactory.doBindPropertiesToTarget(PropertiesConfigurationFactory.java:272)
	at org.springframework.boot.bind.PropertiesConfigurationFactory.bindPropertiesToTarget(PropertiesConfigurationFactory.java:240)
	at org.springframework.boot.context.properties.ConfigurationPropertiesBindingPostProcessor.postProcessBeforeInitialization(ConfigurationPropertiesBindingPostProcessor.java:330)
	at org.springframework.boot.context.properties.ConfigurationPropertiesBindingPostProcessor.postProcessBeforeInitialization(ConfigurationPropertiesBindingPostProcessor.java:292)
	at org.springframework.beans.factory.support.AbstractAutowireCapableBeanFactory.applyBeanPostProcessorsBeforeInitialization(AbstractAutowireCapableBeanFactory.java:409)
	at org.springframework.beans.factory.support.AbstractAutowireCapableBeanFactory.initializeBean(AbstractAutowireCapableBeanFactory.java:1620)
	at org.springframework.beans.factory.support.AbstractAutowireCapableBeanFactory.doCreateBean(AbstractAutowireCapableBeanFactory.java:555)
	... 28 common frames omitted
Caused by: java.lang.ClassNotFoundException: com.baomidou.mybatisplus.entity.GlobalConfiguration
	at java.net.URLClassLoader.findClass(URLClassLoader.java:381)
	at java.lang.ClassLoader.loadClass(ClassLoader.java:424)
	at sun.misc.Launcher$AppClassLoader.loadClass(Launcher.java:331)
	at java.lang.ClassLoader.loadClass(ClassLoader.java:357)
	... 65 common frames omitted
